<?xml version="1.0" encoding="UTF-8"?>
<!-- Generated by org.testng.reporters.JUnitReportReporter -->
<testsuite hostname="WBOX42" failures="0" tests="3" name="stage.Alerts" time="144.581" errors="0" timestamp="2024-04-29T15:42:38 IST" skipped="0">
  <testcase classname="stage.Alerts" name="create_Alert_Stage" time="67.052"/>
  <system-out/>
  <testcase classname="stage.Alerts" name="edit_Alert_Stage" time="37.486"/>
  <system-out/>
  <testcase classname="stage.Alerts" name="delete_Alert_Stage" time="40.043"/>
  <system-out/>
</testsuite> <!-- stage.Alerts -->
