<?xml version="1.0" encoding="UTF-8"?>
<!-- Generated by org.testng.reporters.JUnitReportReporter -->
<testsuite hostname="WBOX42" failures="0" tests="5" name="dev.SignupDev" time="286.637" errors="0" timestamp="2024-04-29T15:42:38 IST" skipped="0">
  <testcase classname="dev.SignupDev" name="signup_Bronze_Dev" time="36.666"/>
  <system-out/>
  <testcase classname="dev.SignupDev" name="signup_SilverYearly_Dev" time="60.778"/>
  <system-out/>
  <testcase classname="dev.SignupDev" name="signup_GoldYearly_Dev" time="62.623"/>
  <system-out/>
  <testcase classname="dev.SignupDev" name="signup_SilverMonthly_Dev" time="63.238"/>
  <system-out/>
  <testcase classname="dev.SignupDev" name="signup_GoldMonthly_Dev" time="63.332"/>
  <system-out/>
</testsuite> <!-- dev.SignupDev -->
