<?xml version="1.0" encoding="UTF-8"?>
<!-- Generated by org.testng.reporters.JUnitReportReporter -->
<testsuite hostname="WBOX42" failures="0" tests="5" name="prod.Membership_Restrictions" time="493.645" errors="0" timestamp="2024-06-28T09:56:17 IST" skipped="0">
  <testcase classname="prod.Membership_Restrictions" name="date_range_restrictions_bronze" time="91.714"/>
  <system-out/>
  <testcase classname="prod.Membership_Restrictions" name="date_range_restrictions_silver" time="98.216"/>
  <system-out/>
  <testcase classname="prod.Membership_Restrictions" name="Check_bronze_mapPage_restrictions" time="83.844"/>
  <system-out/>
  <testcase classname="prod.Membership_Restrictions" name="check_one_alert_restriction_bronze" time="116.387"/>
  <system-out/>
  <testcase classname="prod.Membership_Restrictions" name="check_five_alert_restriction_silver" time="103.484"/>
  <system-out/>
</testsuite> <!-- prod.Membership_Restrictions -->
