<?xml version="1.0" encoding="UTF-8"?>
<!-- Generated by org.testng.reporters.JUnitReportReporter -->
<testsuite hostname="WBOX42" failures="0" tests="2" name="prod.Membership_Restrictions" time="166.861" errors="0" timestamp="2024-05-08T18:42:25 IST" skipped="0">
  <testcase classname="prod.Membership_Restrictions" name="date_range_restrictions_bronze" time="72.148"/>
  <system-out/>
  <testcase classname="prod.Membership_Restrictions" name="date_range_restrictions_silver" time="94.713"/>
  <system-out/>
</testsuite> <!-- prod.Membership_Restrictions -->
