<?xml version="1.0" encoding="UTF-8"?>
<!-- Generated by org.testng.reporters.JUnitReportReporter -->
<testsuite hostname="WBOX42" failures="0" tests="3" name="stage.Alerts" time="147.719" errors="0" timestamp="2024-04-23T10:03:40 IST" skipped="0">
  <testcase classname="stage.Alerts" name="createAlert" time="71.893"/>
  <system-out/>
  <testcase classname="stage.Alerts" name="editAlert" time="37.693"/>
  <system-out/>
  <testcase classname="stage.Alerts" name="deleteAlert" time="38.133"/>
  <system-out/>
</testsuite> <!-- stage.Alerts -->
