<?xml version="1.0" encoding="UTF-8"?>
<!-- Generated by org.testng.reporters.JUnitReportReporter -->
<testsuite hostname="WBOX42" failures="0" tests="20" name="prod.Regression" time="73.596" errors="0" timestamp="2024-05-04T10:52:43 IST" skipped="19">
  <testcase classname="prod.Regression" name="Check_bronze_mapPage_restrictions" time="73.596"/>
  <system-out/>
  <testcase classname="prod.Regression" name="login_With_Google_Prod">
    <skipped/>
  </testcase> <!-- login_With_Google_Prod -->
  <system-out/>
  <testcase classname="prod.Regression" name="popularBlogs_Check_Prod">
    <skipped/>
  </testcase> <!-- popularBlogs_Check_Prod -->
  <system-out/>
  <testcase classname="prod.Regression" name="KbarHeaderProd">
    <skipped/>
  </testcase> <!-- KbarHeaderProd -->
  <system-out/>
  <testcase classname="prod.Regression" name="GooglePlayProd">
    <skipped/>
  </testcase> <!-- GooglePlayProd -->
  <system-out/>
  <testcase classname="prod.Regression" name="login_Valid_Credentials_Prod">
    <skipped/>
  </testcase> <!-- login_Valid_Credentials_Prod -->
  <system-out/>
  <testcase classname="prod.Regression" name="AppstoreImage_Check_Prod">
    <skipped/>
  </testcase> <!-- AppstoreImage_Check_Prod -->
  <system-out/>
  <testcase classname="prod.Regression" name="Check_Map_Page_Destinations">
    <skipped/>
  </testcase> <!-- Check_Map_Page_Destinations -->
  <system-out/>
  <testcase classname="prod.Regression" name="GuestuserProd">
    <skipped/>
  </testcase> <!-- GuestuserProd -->
  <system-out/>
  <testcase classname="prod.Regression" name="popularArticles_Check_Prod">
    <skipped/>
  </testcase> <!-- popularArticles_Check_Prod -->
  <system-out/>
  <testcase classname="prod.Regression" name="facebookProd">
    <skipped/>
  </testcase> <!-- facebookProd -->
  <system-out/>
  <testcase classname="prod.Regression" name="login_With_Apple_Prod">
    <skipped/>
  </testcase> <!-- login_With_Apple_Prod -->
  <system-out/>
  <testcase classname="prod.Regression" name="InstagramProd">
    <skipped/>
  </testcase> <!-- InstagramProd -->
  <system-out/>
  <testcase classname="prod.Regression" name="popularTopics_Check_Prod">
    <skipped/>
  </testcase> <!-- popularTopics_Check_Prod -->
  <system-out/>
  <testcase classname="prod.Regression" name="ApplestoreProd">
    <skipped/>
  </testcase> <!-- ApplestoreProd -->
  <system-out/>
  <testcase classname="prod.Regression" name="LinkedinProd">
    <skipped/>
  </testcase> <!-- LinkedinProd -->
  <system-out/>
  <testcase classname="prod.Regression" name="login_Invalid_Credentials_Prod">
    <skipped/>
  </testcase> <!-- login_Invalid_Credentials_Prod -->
  <system-out/>
  <testcase classname="prod.Regression" name="TwitterProd">
    <skipped/>
  </testcase> <!-- TwitterProd -->
  <system-out/>
  <testcase classname="prod.Regression" name="login_With_Facebook_Prod">
    <skipped/>
  </testcase> <!-- login_With_Facebook_Prod -->
  <system-out/>
  <testcase classname="prod.Regression" name="signup_Bronze_Prod">
    <skipped/>
  </testcase> <!-- signup_Bronze_Prod -->
  <system-out/>
</testsuite> <!-- prod.Regression -->
