<?xml version="1.0" encoding="UTF-8"?>
<!-- Generated by org.testng.reporters.JUnitReportReporter -->
<testsuite hostname="WBOX42" failures="0" tests="5" name="dev.SignupDev" time="284.089" errors="0" timestamp="2024-05-04T12:15:19 IST" skipped="0">
  <testcase classname="dev.SignupDev" name="signup_Bronze_Dev" time="40.521"/>
  <system-out/>
  <testcase classname="dev.SignupDev" name="signup_SilverYearly_Dev" time="61.138"/>
  <system-out/>
  <testcase classname="dev.SignupDev" name="signup_GoldYearly_Dev" time="62.556"/>
  <system-out/>
  <testcase classname="dev.SignupDev" name="signup_SilverMonthly_Dev" time="60.757"/>
  <system-out/>
  <testcase classname="dev.SignupDev" name="signup_GoldMonthly_Dev" time="59.117"/>
  <system-out/>
</testsuite> <!-- dev.SignupDev -->
