<?xml version="1.0" encoding="UTF-8"?>
<!-- Generated by org.testng.reporters.JUnitReportReporter -->
<testsuite hostname="WBOX42" failures="0" tests="3" name="stage.Alerts" time="182.664" errors="0" timestamp="2024-04-27T15:19:42 IST" skipped="0">
  <testcase classname="stage.Alerts" name="createAlert" time="89.440"/>
  <system-out/>
  <testcase classname="stage.Alerts" name="editAlert" time="46.729"/>
  <system-out/>
  <testcase classname="stage.Alerts" name="deleteAlert" time="46.495"/>
  <system-out/>
</testsuite> <!-- stage.Alerts -->
