<?xml version="1.0" encoding="UTF-8"?>
<!-- Generated by org.testng.reporters.JUnitReportReporter -->
<testsuite hostname="WBOX42" failures="0" tests="5" name="prod.Membership_Restrictions" time="423.037" errors="0" timestamp="2024-05-20T19:34:26 IST" skipped="0">
  <testcase classname="prod.Membership_Restrictions" name="date_range_restrictions_bronze" time="72.062"/>
  <system-out/>
  <testcase classname="prod.Membership_Restrictions" name="date_range_restrictions_silver" time="82.321"/>
  <system-out/>
  <testcase classname="prod.Membership_Restrictions" name="Check_bronze_mapPage_restrictions" time="75.557"/>
  <system-out/>
  <testcase classname="prod.Membership_Restrictions" name="check_one_alert_restriction_bronze" time="97.428"/>
  <system-out/>
  <testcase classname="prod.Membership_Restrictions" name="check_five_alert_restriction_silver" time="95.669"/>
  <system-out/>
</testsuite> <!-- prod.Membership_Restrictions -->
