<?xml version="1.0" encoding="UTF-8"?>
<!-- Generated by org.testng.reporters.JUnitReportReporter -->
<testsuite hostname="WBOX42" failures="0" tests="4" name="prod.Regression" time="150.329" errors="0" timestamp="2024-04-23T20:20:37 IST" skipped="1">
  <testcase classname="prod.Regression" name="loginValidCredentials" time="30.266"/>
  <system-out/>
  <testcase classname="prod.Regression" name="loginValidCredentials" time="53.605"/>
  <system-out/>
  <testcase classname="prod.Regression" name="loginValidCredentials" time="66.458"/>
  <system-out/>
  <testcase classname="prod.Regression" name="loginWithApple">
    <skipped/>
  </testcase> <!-- loginWithApple -->
  <system-out/>
</testsuite> <!-- prod.Regression -->
