<?xml version="1.0" encoding="UTF-8"?>
<!-- Generated by org.testng.reporters.JUnitReportReporter -->
<testsuite hostname="WBOX42" failures="0" tests="5" name="dev.SignupDev" time="352.623" errors="0" timestamp="2024-04-27T15:19:42 IST" skipped="0">
  <testcase classname="dev.SignupDev" name="signUpBronze" time="49.050"/>
  <system-out/>
  <testcase classname="dev.SignupDev" name="signUpSilver" time="78.396"/>
  <system-out/>
  <testcase classname="dev.SignupDev" name="signUpGold" time="74.579"/>
  <system-out/>
  <testcase classname="dev.SignupDev" name="signUpSilverMonthly" time="76.610"/>
  <system-out/>
  <testcase classname="dev.SignupDev" name="signUpGoldMonthly" time="73.988"/>
  <system-out/>
</testsuite> <!-- dev.SignupDev -->
