<?xml version="1.0" encoding="UTF-8"?>
<!-- Generated by org.testng.reporters.JUnitReportReporter -->
<testsuite hostname="WBOX42" failures="0" tests="5" name="dev.SignupDev" time="342.154" errors="0" timestamp="2024-06-28T09:56:17 IST" skipped="0">
  <testcase classname="dev.SignupDev" name="signup_Bronze_Dev" time="53.161"/>
  <system-out/>
  <testcase classname="dev.SignupDev" name="signup_SilverYearly_Dev" time="71.019"/>
  <system-out/>
  <testcase classname="dev.SignupDev" name="signup_GoldYearly_Dev" time="72.572"/>
  <system-out/>
  <testcase classname="dev.SignupDev" name="signup_SilverMonthly_Dev" time="73.450"/>
  <system-out/>
  <testcase classname="dev.SignupDev" name="signup_GoldMonthly_Dev" time="71.952"/>
  <system-out/>
</testsuite> <!-- dev.SignupDev -->
