<?xml version="1.0" encoding="UTF-8"?>
<!-- Generated by org.testng.reporters.JUnitReportReporter -->
<testsuite hostname="WBOX42" failures="0" tests="5" name="stage.SignupStage" time="344.677" errors="0" timestamp="2024-06-28T09:56:17 IST" skipped="0">
  <testcase classname="stage.SignupStage" name="signup_Bronze_Stage" time="53.241"/>
  <system-out/>
  <testcase classname="stage.SignupStage" name="signup_SilverYearly_Stage" time="72.471"/>
  <system-out/>
  <testcase classname="stage.SignupStage" name="signup_GoldYearly_Stage" time="72.487"/>
  <system-out/>
  <testcase classname="stage.SignupStage" name="signup_SilverMonthly_Stage" time="74.148"/>
  <system-out/>
  <testcase classname="stage.SignupStage" name="signup_GoldMonthly_Stage" time="72.330"/>
  <system-out/>
</testsuite> <!-- stage.SignupStage -->
