<?xml version="1.0" encoding="UTF-8"?>
<!-- Generated by org.testng.reporters.JUnitReportReporter -->
<testsuite hostname="WBOX42" failures="0" tests="3" name="prod.Alerts" time="169.628" errors="0" timestamp="2024-05-01T19:31:18 IST" skipped="0">
  <testcase classname="prod.Alerts" name="create_Alert_Prod" time="84.888"/>
  <system-out/>
  <testcase classname="prod.Alerts" name="edit_Alert_Prod" time="41.428"/>
  <system-out/>
  <testcase classname="prod.Alerts" name="delete_Alert_Prod" time="43.312"/>
  <system-out/>
</testsuite> <!-- prod.Alerts -->
