<?xml version="1.0" encoding="UTF-8"?>
<!-- Generated by org.testng.reporters.JUnitReportReporter -->
<testsuite hostname="WBOX42" failures="0" tests="2" name="prod.Regression" time="27.950" errors="0" timestamp="2024-04-29T09:51:08 IST" skipped="1">
  <testcase classname="prod.Regression" name="GuestuserProd" time="27.950"/>
  <system-out/>
  <testcase classname="prod.Regression" name="login_With_Apple_Prod">
    <skipped/>
  </testcase> <!-- login_With_Apple_Prod -->
  <system-out/>
</testsuite> <!-- prod.Regression -->
