<?xml version="1.0" encoding="UTF-8"?>
<!-- Generated by org.testng.reporters.JUnitReportReporter -->
<testsuite hostname="WBOX42" failures="0" tests="3" name="stage.Alerts" time="145.564" errors="0" timestamp="2024-05-28T15:00:45 IST" skipped="0">
  <testcase classname="stage.Alerts" name="create_Alert_Stage" time="73.088"/>
  <system-out/>
  <testcase classname="stage.Alerts" name="edit_Alert_Stage" time="35.614"/>
  <system-out/>
  <testcase classname="stage.Alerts" name="delete_Alert_Stage" time="36.862"/>
  <system-out/>
</testsuite> <!-- stage.Alerts -->
