<?xml version="1.0" encoding="UTF-8"?>
<!-- Generated by org.testng.reporters.JUnitReportReporter -->
<testsuite hostname="WBOX42" failures="0" tests="2" name="prod.Regression" time="12.439" errors="0" timestamp="2024-04-23T16:57:22 IST" skipped="1">
  <testcase classname="prod.Regression" name="AppstoreImageCheck" time="12.439"/>
  <system-out/>
  <testcase classname="prod.Regression" name="loginWithApple">
    <skipped/>
  </testcase> <!-- loginWithApple -->
  <system-out/>
</testsuite> <!-- prod.Regression -->
