<?xml version="1.0" encoding="UTF-8"?>
<!-- Generated by org.testng.reporters.JUnitReportReporter -->
<testsuite hostname="WBOX42" failures="0" tests="5" name="stage.SignupStage" time="277.968" errors="0" timestamp="2024-04-29T15:42:38 IST" skipped="0">
  <testcase classname="stage.SignupStage" name="signup_Bronze_Stage" time="33.441"/>
  <system-out/>
  <testcase classname="stage.SignupStage" name="signup_SilverYearly_Stage" time="59.464"/>
  <system-out/>
  <testcase classname="stage.SignupStage" name="signup_GoldYearly_Stage" time="62.620"/>
  <system-out/>
  <testcase classname="stage.SignupStage" name="signup_SilverMonthly_Stage" time="61.779"/>
  <system-out/>
  <testcase classname="stage.SignupStage" name="signup_GoldMonthly_Stage" time="60.664"/>
  <system-out/>
</testsuite> <!-- stage.SignupStage -->
