<?xml version="1.0" encoding="UTF-8"?>
<!-- Generated by org.testng.reporters.JUnitReportReporter -->
<testsuite hostname="WBOX42" failures="0" tests="1" name="dev.SignupDev" time="63.396" errors="0" timestamp="2024-04-23T10:07:49 IST" skipped="0">
  <testcase classname="dev.SignupDev" name="signUpSilver" time="63.396"/>
  <system-out/>
</testsuite> <!-- dev.SignupDev -->
