<?xml version="1.0" encoding="UTF-8"?>
<!-- Generated by org.testng.reporters.JUnitReportReporter -->
<testsuite hostname="WBOX42" failures="0" tests="1" name="stage.SignupStage" time="62.963" errors="0" timestamp="2024-04-23T10:06:33 IST" skipped="0">
  <testcase classname="stage.SignupStage" name="signUpGoldMonthly" time="62.963"/>
  <system-out/>
</testsuite> <!-- stage.SignupStage -->
