<?xml version="1.0" encoding="UTF-8"?>
<!-- Generated by org.testng.reporters.JUnitReportReporter -->
<testsuite hostname="WBOX42" failures="0" tests="5" name="stage.SignupStage" time="384.789" errors="0" timestamp="2024-04-27T15:19:42 IST" skipped="0">
  <testcase classname="stage.SignupStage" name="signUpBronze" time="59.354"/>
  <system-out/>
  <testcase classname="stage.SignupStage" name="signUpSilver" time="71.108"/>
  <system-out/>
  <testcase classname="stage.SignupStage" name="signUpGold" time="70.310"/>
  <system-out/>
  <testcase classname="stage.SignupStage" name="signUpSilverMonthly" time="110.116"/>
  <system-out/>
  <testcase classname="stage.SignupStage" name="signUpGoldMonthly" time="73.901"/>
  <system-out/>
</testsuite> <!-- stage.SignupStage -->
