<?xml version="1.0" encoding="UTF-8"?>
<!-- Generated by org.testng.reporters.JUnitReportReporter -->
<testsuite hostname="WBOX42" failures="0" tests="2" name="testCases.TestClass1" time="32.622" errors="0" timestamp="2024-04-19T16:16:35 IST" skipped="1">
  <testcase classname="testCases.TestClass1" name="loginValidCredentials" time="32.622"/>
  <system-out/>
  <testcase classname="testCases.TestClass1" name="loginWithApple">
    <skipped/>
  </testcase> <!-- loginWithApple -->
  <system-out/>
</testsuite> <!-- testCases.TestClass1 -->
