<?xml version="1.0" encoding="UTF-8"?>
<!-- Generated by org.testng.reporters.JUnitReportReporter -->
<testsuite hostname="WBOX42" failures="0" tests="3" name="stage.Alerts" time="145.907" errors="0" timestamp="2024-05-04T14:09:10 IST" skipped="0">
  <testcase classname="stage.Alerts" name="create_Alert_Stage" time="70.499"/>
  <system-out/>
  <testcase classname="stage.Alerts" name="edit_Alert_Stage" time="37.422"/>
  <system-out/>
  <testcase classname="stage.Alerts" name="delete_Alert_Stage" time="37.986"/>
  <system-out/>
</testsuite> <!-- stage.Alerts -->
