<?xml version="1.0" encoding="UTF-8"?>
<!-- Generated by org.testng.reporters.JUnitReportReporter -->
<testsuite hostname="WBOX42" failures="0" tests="2" name="prod.Regression" time="43.569" errors="0" timestamp="2024-04-30T09:12:25 IST" skipped="1">
  <testcase classname="prod.Regression" name="login_With_Google_Prod" time="43.569"/>
  <system-out/>
  <testcase classname="prod.Regression" name="login_With_Apple_Prod">
    <skipped/>
  </testcase> <!-- login_With_Apple_Prod -->
  <system-out/>
</testsuite> <!-- prod.Regression -->
