<?xml version="1.0" encoding="UTF-8"?>
<!-- Generated by org.testng.reporters.JUnitReportReporter -->
<testsuite hostname="WBOX42" failures="0" tests="3" name="prod.Alerts" time="197.935" errors="0" timestamp="2024-05-20T19:34:26 IST" skipped="0">
  <testcase classname="prod.Alerts" name="create_Alert_Prod" time="97.357"/>
  <system-out/>
  <testcase classname="prod.Alerts" name="edit_Alert_Prod" time="49.844"/>
  <system-out/>
  <testcase classname="prod.Alerts" name="delete_Alert_Prod" time="50.734"/>
  <system-out/>
</testsuite> <!-- prod.Alerts -->
