<?xml version="1.0" encoding="UTF-8"?>
<!-- Generated by org.testng.reporters.JUnitReportReporter -->
<testsuite hostname="WBOX42" failures="0" tests="3" name="prod.Alerts" time="211.353" errors="0" timestamp="2024-06-07T12:42:12 IST" skipped="0">
  <testcase classname="prod.Alerts" name="create_Alert_Prod" time="81.533"/>
  <system-out/>
  <testcase classname="prod.Alerts" name="edit_Alert_Prod" time="69.585"/>
  <system-out/>
  <testcase classname="prod.Alerts" name="delete_Alert_Prod" time="60.235"/>
  <system-out/>
</testsuite> <!-- prod.Alerts -->
