<?xml version="1.0" encoding="UTF-8"?>
<!-- Generated by org.testng.reporters.JUnitReportReporter -->
<testsuite hostname="WBOX42" failures="0" tests="22" name="prod.Regression" time="790.748" errors="1" timestamp="2024-05-20T19:34:26 IST" skipped="2">
  <testcase classname="prod.Regression" name="login_Invalid_Credentials_Prod" time="30.903"/>
  <system-out/>
  <testcase classname="prod.Regression" name="login_Valid_Credentials_Prod" time="33.684"/>
  <system-out/>
  <testcase classname="prod.Regression" name="login_With_Facebook_Prod" time="43.737"/>
  <system-out/>
  <testcase classname="prod.Regression" name="signup_Bronze_Prod" time="36.274"/>
  <system-out/>
  <testcase classname="prod.Regression" name="popularArticles_Check_Prod" time="25.839"/>
  <system-out/>
  <testcase classname="prod.Regression" name="popularTopics_Check_Prod" time="31.636"/>
  <system-out/>
  <testcase classname="prod.Regression" name="popularBlogs_Check_Prod" time="31.248"/>
  <system-out/>
  <testcase classname="prod.Regression" name="AppstoreImage_Check_Prod" time="19.473"/>
  <system-out/>
  <testcase classname="prod.Regression" name="KbarHeaderProd" time="14.987"/>
  <system-out/>
  <testcase classname="prod.Regression" name="GuestuserProd" time="34.232"/>
  <system-out/>
  <testcase classname="prod.Regression" name="facebookProd" time="27.037"/>
  <system-out/>
  <testcase classname="prod.Regression" name="TwitterProd" time="27.060"/>
  <system-out/>
  <testcase classname="prod.Regression" name="LinkedinProd" time="26.733"/>
  <system-out/>
  <testcase classname="prod.Regression" name="InstagramProd" time="24.705"/>
  <system-out/>
  <testcase classname="prod.Regression" name="GooglePlayProd" time="22.925"/>
  <system-out/>
  <testcase classname="prod.Regression" name="ApplestoreProd" time="22.993"/>
  <system-out/>
  <testcase classname="prod.Regression" name="Check_Map_Page_Destinations" time="65.092">
    <error message="no such element: Unable to locate element: {&quot;method&quot;:&quot;xpath&quot;,&quot;selector&quot;:&quot;(//div[@class=&#039;destination-country-wrap&#039;])[92]&quot;}
  (Session info: MicrosoftEdge=125.0.2535.51)
For documentation on this error, please visit: https://www.selenium.dev/documentation/webdriver/troubleshooting/errors#no-such-element-exception
Build info: version: &#039;4.19.1&#039;, revision: &#039;abe0ee07dc&#039;
System info: os.name: &#039;Windows 10&#039;, os.arch: &#039;amd64&#039;, os.version: &#039;10.0&#039;, java.version: &#039;17.0.9&#039;
Driver info: org.openqa.selenium.edge.EdgeDriver
Command: [12f97a89b25103e7c90e4b04e9a92d28, findElement {value=(//div[@class=&#039;destination-country-wrap&#039;])[92], using=xpath}]
Capabilities {acceptInsecureCerts: false, browserName: MicrosoftEdge, browserVersion: 125.0.2535.51, fedcm:accounts: true, ms:edgeOptions: {debuggerAddress: localhost:64653}, msedge: {msedgedriverVersion: 125.0.2535.51 (b1bc6e892654..., userDataDir: C:\Users\wbox42\AppData\Loc...}, networkConnectionEnabled: false, pageLoadStrategy: normal, platformName: windows, proxy: Proxy(), se:cdp: ws://localhost:64653/devtoo..., se:cdpVersion: 125.0.2535.51, setWindowRect: true, strictFileInteractability: false, timeouts: {implicit: 0, pageLoad: 300000, script: 30000}, unhandledPromptBehavior: dismiss and notify, webauthn:extension:credBlob: true, webauthn:extension:largeBlob: true, webauthn:extension:minPinLength: true, webauthn:extension:prf: true, webauthn:virtualAuthenticators: true}
Session ID: 12f97a89b25103e7c90e4b04e9a92d28" type="org.openqa.selenium.NoSuchElementException">
      <![CDATA[org.openqa.selenium.NoSuchElementException: no such element: Unable to locate element: {"method":"xpath","selector":"(//div[@class='destination-country-wrap'])[92]"}
  (Session info: MicrosoftEdge=125.0.2535.51)
For documentation on this error, please visit: https://www.selenium.dev/documentation/webdriver/troubleshooting/errors#no-such-element-exception
Build info: version: '4.19.1', revision: 'abe0ee07dc'
System info: os.name: 'Windows 10', os.arch: 'amd64', os.version: '10.0', java.version: '17.0.9'
Driver info: org.openqa.selenium.edge.EdgeDriver
Command: [12f97a89b25103e7c90e4b04e9a92d28, findElement {value=(//div[@class='destination-country-wrap'])[92], using=xpath}]
Capabilities {acceptInsecureCerts: false, browserName: MicrosoftEdge, browserVersion: 125.0.2535.51, fedcm:accounts: true, ms:edgeOptions: {debuggerAddress: localhost:64653}, msedge: {msedgedriverVersion: 125.0.2535.51 (b1bc6e892654..., userDataDir: C:\Users\wbox42\AppData\Loc...}, networkConnectionEnabled: false, pageLoadStrategy: normal, platformName: windows, proxy: Proxy(), se:cdp: ws://localhost:64653/devtoo..., se:cdpVersion: 125.0.2535.51, setWindowRect: true, strictFileInteractability: false, timeouts: {implicit: 0, pageLoad: 300000, script: 30000}, unhandledPromptBehavior: dismiss and notify, webauthn:extension:credBlob: true, webauthn:extension:largeBlob: true, webauthn:extension:minPinLength: true, webauthn:extension:prf: true, webauthn:virtualAuthenticators: true}
Session ID: 12f97a89b25103e7c90e4b04e9a92d28
at java.base/jdk.internal.reflect.NativeConstructorAccessorImpl.newInstance0(Native Method)
at java.base/jdk.internal.reflect.NativeConstructorAccessorImpl.newInstance(NativeConstructorAccessorImpl.java:77)
at java.base/jdk.internal.reflect.DelegatingConstructorAccessorImpl.newInstance(DelegatingConstructorAccessorImpl.java:45)
at java.base/java.lang.reflect.Constructor.newInstanceWithCaller(Constructor.java:499)
at java.base/java.lang.reflect.Constructor.newInstance(Constructor.java:480)
at org.openqa.selenium.remote.ErrorCodec.decode(ErrorCodec.java:167)
at org.openqa.selenium.remote.codec.w3c.W3CHttpResponseCodec.decode(W3CHttpResponseCodec.java:138)
at org.openqa.selenium.remote.codec.w3c.W3CHttpResponseCodec.decode(W3CHttpResponseCodec.java:50)
at org.openqa.selenium.remote.HttpCommandExecutor.execute(HttpCommandExecutor.java:190)
at org.openqa.selenium.remote.service.DriverCommandExecutor.invokeExecute(DriverCommandExecutor.java:216)
at org.openqa.selenium.remote.service.DriverCommandExecutor.execute(DriverCommandExecutor.java:174)
at org.openqa.selenium.remote.RemoteWebDriver.execute(RemoteWebDriver.java:518)
at org.openqa.selenium.remote.ElementLocation$ElementFinder$2.findElement(ElementLocation.java:165)
at org.openqa.selenium.remote.ElementLocation.findElement(ElementLocation.java:59)
at org.openqa.selenium.remote.RemoteWebDriver.findElement(RemoteWebDriver.java:355)
at org.openqa.selenium.remote.RemoteWebDriver.findElement(RemoteWebDriver.java:349)
at com.flightfinder.pomrepo.MapPage.getSelectDestination(MapPage.java:103)
at prod.Regression.Check_Map_Page_Destinations(Regression.java:523)
at java.base/jdk.internal.reflect.NativeMethodAccessorImpl.invoke0(Native Method)
at java.base/jdk.internal.reflect.NativeMethodAccessorImpl.invoke(NativeMethodAccessorImpl.java:77)
at java.base/jdk.internal.reflect.DelegatingMethodAccessorImpl.invoke(DelegatingMethodAccessorImpl.java:43)
at java.base/java.lang.reflect.Method.invoke(Method.java:568)
at org.testng.internal.invokers.MethodInvocationHelper.invokeMethod(MethodInvocationHelper.java:139)
at org.testng.internal.invokers.TestInvoker.invokeMethod(TestInvoker.java:677)
at org.testng.internal.invokers.TestInvoker.invokeTestMethod(TestInvoker.java:221)
at org.testng.internal.invokers.MethodRunner.runInSequence(MethodRunner.java:50)
at org.testng.internal.invokers.TestInvoker$MethodInvocationAgent.invoke(TestInvoker.java:969)
at org.testng.internal.invokers.TestInvoker.invokeTestMethods(TestInvoker.java:194)
at org.testng.internal.invokers.TestMethodWorker.invokeTestMethods(TestMethodWorker.java:148)
at org.testng.internal.invokers.TestMethodWorker.run(TestMethodWorker.java:128)
at java.base/java.util.ArrayList.forEach(ArrayList.java:1511)
at org.testng.TestRunner.privateRun(TestRunner.java:829)
at org.testng.TestRunner.run(TestRunner.java:602)
at org.testng.SuiteRunner.runTest(SuiteRunner.java:437)
at org.testng.SuiteRunner.runSequentially(SuiteRunner.java:431)
at org.testng.SuiteRunner.privateRun(SuiteRunner.java:391)
at org.testng.SuiteRunner.run(SuiteRunner.java:330)
at org.testng.SuiteRunnerWorker.runSuite(SuiteRunnerWorker.java:52)
at org.testng.SuiteRunnerWorker.run(SuiteRunnerWorker.java:95)
at org.testng.TestNG.runSuitesSequentially(TestNG.java:1256)
at org.testng.TestNG.runSuitesLocally(TestNG.java:1176)
at org.testng.TestNG.runSuites(TestNG.java:1099)
at org.testng.TestNG.run(TestNG.java:1067)
at org.testng.remote.AbstractRemoteTestNG.run(AbstractRemoteTestNG.java:115)
at org.testng.remote.RemoteTestNG.initAndRun(RemoteTestNG.java:251)
at org.testng.remote.RemoteTestNG.main(RemoteTestNG.java:77)
]]>
    </error>
  </testcase> <!-- Check_Map_Page_Destinations -->
  <system-out>
    <![CDATA[<a href='C:\Users\wbox42\eclipse-workspace\FlightFinder\target\surefire-reports\failure_screenshots\Check_Map_Page_Destinations_20_05_2024_07_07_55.png'> <img src='C:\Users\wbox42\eclipse-workspace\FlightFinder\target\surefire-reports\failure_screenshots\Check_Map_Page_Destinations_20_05_2024_07_07_55.png' height='100' width='100'/> </a>]]>
  </system-out>
  <testcase classname="prod.Regression" name="Check_bronze_mapPage_restrictions" time="73.395"/>
  <system-out/>
  <testcase classname="prod.Regression" name="check_one_alert_restriction_bronze" time="97.166"/>
  <system-out/>
  <testcase classname="prod.Regression" name="check_five_alert_restriction_silver" time="101.629"/>
  <system-out/>
  <testcase classname="prod.Regression" name="login_With_Google_Prod">
    <skipped/>
  </testcase> <!-- login_With_Google_Prod -->
  <system-out/>
  <testcase classname="prod.Regression" name="login_With_Apple_Prod">
    <skipped/>
  </testcase> <!-- login_With_Apple_Prod -->
  <system-out/>
</testsuite> <!-- prod.Regression -->
