<?xml version="1.0" encoding="UTF-8"?>
<!-- Generated by org.testng.reporters.JUnitReportReporter -->
<testsuite hostname="WBOX42" failures="0" tests="3" name="stage.Alerts" time="163.287" errors="0" timestamp="2024-05-20T19:34:26 IST" skipped="0">
  <testcase classname="stage.Alerts" name="create_Alert_Stage" time="77.534"/>
  <system-out/>
  <testcase classname="stage.Alerts" name="edit_Alert_Stage" time="43.064"/>
  <system-out/>
  <testcase classname="stage.Alerts" name="delete_Alert_Stage" time="42.689"/>
  <system-out/>
</testsuite> <!-- stage.Alerts -->
