<?xml version="1.0" encoding="UTF-8"?>
<!-- Generated by org.testng.reporters.JUnitReportReporter -->
<testsuite hostname="WBOX42" failures="0" tests="19" name="prod.Regression" time="527.149" errors="0" timestamp="2024-06-28T09:56:17 IST" skipped="3">
  <testcase classname="prod.Regression" name="login_Invalid_Credentials_Prod" time="26.293"/>
  <system-out/>
  <testcase classname="prod.Regression" name="login_Valid_Credentials_Prod" time="33.933"/>
  <system-out/>
  <testcase classname="prod.Regression" name="signup_Bronze_Prod" time="32.853"/>
  <system-out/>
  <testcase classname="prod.Regression" name="popularArticles_Check_Prod" time="21.487"/>
  <system-out/>
  <testcase classname="prod.Regression" name="popularTopics_Check_Prod" time="18.343"/>
  <system-out/>
  <testcase classname="prod.Regression" name="popularBlogs_Check_Prod" time="20.650"/>
  <system-out/>
  <testcase classname="prod.Regression" name="AppstoreImage_Check_Prod" time="20.107"/>
  <system-out/>
  <testcase classname="prod.Regression" name="KbarHeaderProd" time="11.699"/>
  <system-out/>
  <testcase classname="prod.Regression" name="GuestuserProd" time="49.551"/>
  <system-out/>
  <testcase classname="prod.Regression" name="facebookProd" time="34.450"/>
  <system-out/>
  <testcase classname="prod.Regression" name="TwitterProd" time="37.432"/>
  <system-out/>
  <testcase classname="prod.Regression" name="LinkedinProd" time="23.612"/>
  <system-out/>
  <testcase classname="prod.Regression" name="InstagramProd" time="33.726"/>
  <system-out/>
  <testcase classname="prod.Regression" name="GooglePlayProd" time="31.833"/>
  <system-out/>
  <testcase classname="prod.Regression" name="ApplestoreProd" time="33.916"/>
  <system-out/>
  <testcase classname="prod.Regression" name="Check_Map_Page_Destinations" time="97.264"/>
  <system-out/>
  <testcase classname="prod.Regression" name="login_With_Facebook_Prod">
    <skipped/>
  </testcase> <!-- login_With_Facebook_Prod -->
  <system-out/>
  <testcase classname="prod.Regression" name="login_With_Google_Prod">
    <skipped/>
  </testcase> <!-- login_With_Google_Prod -->
  <system-out/>
  <testcase classname="prod.Regression" name="login_With_Apple_Prod">
    <skipped/>
  </testcase> <!-- login_With_Apple_Prod -->
  <system-out/>
</testsuite> <!-- prod.Regression -->
